Arguments: 
  D:\nvm\nodejs\node.exe D:\nvm\npm\node_modules\yarn\bin\yarn.js

PATH: 
  D:\Program Files (x86)\VMware\VMware Workstation\bin\;C:\Python27\;C:\Python27\Scripts;C:\WINDOWS\system32;C:\WINDOWS;C:\WINDOWS\System32\Wbem;C:\WINDOWS\System32\WindowsPowerShell\v1.0\;C:\WINDOWS\System32\OpenSSH\;C:\Use;s\rainw\AppData\Local\Microsoft\WindowsApps;C:\Program Files\dotnet\;;;C:\Program Files\Git\cmd;C:\Program Files (x86)\Tencent\微信web开发者工具\dll;C:\Users\wildest\AppData\Local\Programs\Python\Python310\Scripts\;C:\Users\wildest\AppData\Local\Programs\Python\Python310\;C:\Users\wildest\AppData\Local\Microsoft\WindowsApps;D:\nvm\npm;D:\nvm;D:\nvm\nodejs;C:\Users\wildest\.dotnet\tools;C:\Users\wildest\AppData\Local\Programs\Microsoft VS Code\bin;C:\Program Files\Java\jdk1.8.0_321\bin;C:\Program Files\Java\jdk1.8.0_321\jre\bin;D:\Cmake\bin;D:\mingw64\bin;C:\mysql\bin;D:\Qt\Tools\mingw1120_64\bin;D:\Qt\6.3.1\mingw_64\bin

Yarn version: 
  1.22.18

Node version: 
  16.15.0

Platform: 
  win32 x64

Trace: 
  Error: connect ETIMEDOUT 104.16.26.35:443
      at TCPConnectWrap.afterConnect [as oncomplete] (node:net:1187:16)

npm manifest: 
  {
    "name": "hello-next",
    "version": "1.0.0",
    "description": "",
    "keywords": [],
    "license": "MIT",
    "author": "",
    "scripts": {
      "dev": "next",
      "build": "next build",
      "start": "next start",
      "generate": "npm -s run generate:prisma && npm -s run generate:nexus",
      "generate:prisma": "prisma generate",
      "ts-node": "ts-node --compiler-options \"{\\\"module\\\":\\\"commonjs\\\"}\"",
      "generate:nexus": "ts-node --transpile-only -P nexus.tsconfig.json pages/api"
    },
    "dependencies": {
      "@apollo/client": "3.7.0",
      "@prisma/client": "4.5.0",
      "apollo-server-micro": "3.10.3",
      "express": "4.18.2",
      "graphql": "16.5.0",
      "graphql-scalars": "1.20.0",
      "graphql-tag": "2.12.6",
      "micro": "9.4.1",
      "micro-cors": "0.1.1",
      "next": "12.3.1",
      "nexus": "1.3.0",
      "react": "18.2.0",
      "react-dom": "18.2.0",
      "react-markdown": "8.0.3"
    },
    "devDependencies": {
      "@types/graphql": "14.5.0",
      "@types/micro-cors": "0.1.2",
      "@types/node": "16.18.0",
      "@types/react": "18.0.21",
      "ts-node": "10.9.1",
      "prisma": "4.5.0",
      "typescript": "4.8.4"
    },
    "prisma": {
      "seed": "ts-node prisma/seed.ts"
    }
  }

yarn manifest: 
  No manifest

Lockfile: 
  No lockfile
